<?xml version="1.0" encoding="UTF-8"?>
<!-- Generated by org.testng.reporters.JUnitReportReporter -->
<testsuite hostname="DESKTOP-1H6R4MH" failures="0" tests="1" name="TestCases.LoginTest" time="69.085" errors="0" timestamp="2022-02-22T20:42:35 IST" skipped="0">
  <testcase classname="TestCases.LoginTest" name="Name" time="69.085"/>
  <system-out/>
</testsuite> <!-- TestCases.LoginTest -->
